{"C:\\Users\\melvi\\Documents\\Projects - DNS\\Coding Tests\\BeerList\\src\\App.tsx": {"path":"C:\\Users\\melvi\\Documents\\Projects - DNS\\Coding Tests\\BeerList\\src\\App.tsx","statementMap":{"0":{"start":{"line":1,"column":0},"end":{"line":1,"column":19}},"1":{"start":{"line":2,"column":0},"end":{"line":2,"column":45}},"2":{"start":{"line":3,"column":0},"end":{"line":3,"column":30}},"3":{"start":{"line":7,"column":18},"end":{"line":7,"column":35}},"4":{"start":{"line":8,"column":2},"end":{"line":8,"column":24}},"5":{"start":{"line":11,"column":0},"end":{"line":11,"column":19}}},"fnMap":{"0":{"name":"App","decl":{"start":{"line":6,"column":9},"end":{"line":6,"column":12}},"loc":{"start":{"line":6,"column":12},"end":{"line":9,"column":1}}}},"branchMap":{},"s":{"0":1,"1":1,"2":1,"3":5,"4":5,"5":1},"f":{"0":5},"b":{}}
,"C:\\Users\\melvi\\Documents\\Projects - DNS\\Coding Tests\\BeerList\\src\\router.tsx": {"path":"C:\\Users\\melvi\\Documents\\Projects - DNS\\Coding Tests\\BeerList\\src\\router.tsx","statementMap":{"0":{"start":{"line":2,"column":0},"end":{"line":2,"column":54}},"1":{"start":{"line":3,"column":0},"end":{"line":3,"column":44}},"2":{"start":{"line":4,"column":0},"end":{"line":4,"column":57}},"3":{"start":{"line":5,"column":0},"end":{"line":5,"column":56}},"4":{"start":{"line":6,"column":0},"end":{"line":6,"column":44}},"5":{"start":{"line":9,"column":15},"end":{"line":12,"column":null}},"6":{"start":{"line":9,"column":50},"end":{"line":12,"column":null}},"7":{"start":{"line":10,"column":2},"end":{"line":11,"column":null}},"8":{"start":{"line":15,"column":17},"end":{"line":15,"column":63}},"9":{"start":{"line":15,"column":34},"end":{"line":15,"column":61}},"10":{"start":{"line":16,"column":20},"end":{"line":16,"column":70}},"11":{"start":{"line":16,"column":37},"end":{"line":16,"column":68}},"12":{"start":{"line":18,"column":15},"end":{"line":41,"column":2}},"13":{"start":{"line":43,"column":0},"end":{"line":43,"column":22}}},"fnMap":{"0":{"name":"(anonymous_7)","decl":{"start":{"line":9,"column":15},"end":{"line":9,"column":16}},"loc":{"start":{"line":9,"column":50},"end":{"line":12,"column":null}}},"1":{"name":"(anonymous_8)","decl":{"start":{"line":9,"column":50},"end":{"line":9,"column":51}},"loc":{"start":{"line":10,"column":2},"end":{"line":11,"column":null}}},"2":{"name":"(anonymous_9)","decl":{"start":{"line":15,"column":29},"end":{"line":15,"column":32}},"loc":{"start":{"line":15,"column":34},"end":{"line":15,"column":61}}},"3":{"name":"(anonymous_10)","decl":{"start":{"line":15,"column":34},"end":{"line":15,"column":42}},"loc":{"start":{"line":15,"column":34},"end":{"line":15,"column":61}}},"4":{"name":"(anonymous_11)","decl":{"start":{"line":16,"column":32},"end":{"line":16,"column":35}},"loc":{"start":{"line":16,"column":37},"end":{"line":16,"column":68}}},"5":{"name":"(anonymous_12)","decl":{"start":{"line":16,"column":37},"end":{"line":16,"column":45}},"loc":{"start":{"line":16,"column":37},"end":{"line":16,"column":68}}}},"branchMap":{},"s":{"0":1,"1":1,"2":1,"3":1,"4":1,"5":1,"6":2,"7":3,"8":1,"9":2,"10":1,"11":2,"12":1,"13":1},"f":{"0":2,"1":3,"2":1,"3":1,"4":1,"5":1},"b":{}}
,"C:\\Users\\melvi\\Documents\\Projects - DNS\\Coding Tests\\BeerList\\src\\store.ts": {"path":"C:\\Users\\melvi\\Documents\\Projects - DNS\\Coding Tests\\BeerList\\src\\store.ts","statementMap":{"0":{"start":{"line":1,"column":0},"end":{"line":1,"column":33}},"1":{"start":{"line":37,"column":21},"end":{"line":59,"column":3}},"2":{"start":{"line":37,"column":54},"end":{"line":59,"column":2}},"3":{"start":{"line":46,"column":25},"end":{"line":46,"column":39}},"4":{"start":{"line":47,"column":25},"end":{"line":47,"column":39}},"5":{"start":{"line":48,"column":33},"end":{"line":48,"column":51}},"6":{"start":{"line":49,"column":43},"end":{"line":49,"column":84}},"7":{"start":{"line":51,"column":28},"end":{"line":51,"column":82}},"8":{"start":{"line":52,"column":8},"end":{"line":52,"column":27}},"9":{"start":{"line":55,"column":24},"end":{"line":55,"column":58}},"10":{"start":{"line":56,"column":8},"end":{"line":56,"column":23}},"11":{"start":{"line":58,"column":30},"end":{"line":58,"column":59}},"12":{"start":{"line":61,"column":0},"end":{"line":61,"column":28}}},"fnMap":{"0":{"name":"(anonymous_0)","decl":{"start":{"line":37,"column":39},"end":{"line":37,"column":40}},"loc":{"start":{"line":37,"column":54},"end":{"line":59,"column":2}}},"1":{"name":"(anonymous_1)","decl":{"start":{"line":46,"column":14},"end":{"line":46,"column":15}},"loc":{"start":{"line":46,"column":25},"end":{"line":46,"column":39}}},"2":{"name":"(anonymous_2)","decl":{"start":{"line":47,"column":14},"end":{"line":47,"column":15}},"loc":{"start":{"line":47,"column":25},"end":{"line":47,"column":39}}},"3":{"name":"(anonymous_3)","decl":{"start":{"line":48,"column":18},"end":{"line":48,"column":19}},"loc":{"start":{"line":48,"column":33},"end":{"line":48,"column":51}}},"4":{"name":"(anonymous_4)","decl":{"start":{"line":49,"column":17},"end":{"line":49,"column":18}},"loc":{"start":{"line":49,"column":43},"end":{"line":49,"column":84}}},"5":{"name":"(anonymous_5)","decl":{"start":{"line":50,"column":20},"end":{"line":50,"column":23}},"loc":{"start":{"line":50,"column":25},"end":{"line":53,"column":5}}},"6":{"name":"(anonymous_6)","decl":{"start":{"line":54,"column":18},"end":{"line":54,"column":21}},"loc":{"start":{"line":54,"column":23},"end":{"line":57,"column":5}}},"7":{"name":"(anonymous_7)","decl":{"start":{"line":58,"column":15},"end":{"line":58,"column":16}},"loc":{"start":{"line":58,"column":30},"end":{"line":58,"column":59}}}},"branchMap":{"0":{"loc":{"start":{"line":51,"column":28},"end":{"line":51,"column":82}},"type":"cond-expr","locations":[{"start":{"line":51,"column":47},"end":{"line":51,"column":48}},{"start":{"line":51,"column":51},"end":{"line":51,"column":82}}]},"1":{"loc":{"start":{"line":55,"column":24},"end":{"line":55,"column":58}},"type":"cond-expr","locations":[{"start":{"line":55,"column":43},"end":{"line":55,"column":53}},{"start":{"line":55,"column":56},"end":{"line":55,"column":58}}]}},"s":{"0":1,"1":1,"2":1,"3":0,"4":0,"5":2,"6":0,"7":4,"8":4,"9":4,"10":4,"11":0,"12":1},"f":{"0":1,"1":0,"2":0,"3":2,"4":0,"5":4,"6":4,"7":0},"b":{"0":[4,0],"1":[0,4]}}
,"C:\\Users\\melvi\\Documents\\Projects - DNS\\Coding Tests\\BeerList\\src\\apiRoutes\\index.ts": {"path":"C:\\Users\\melvi\\Documents\\Projects - DNS\\Coding Tests\\BeerList\\src\\apiRoutes\\index.ts","statementMap":{"0":{"start":{"line":1,"column":13},"end":{"line":6,"column":2}}},"fnMap":{},"branchMap":{},"s":{"0":1},"f":{},"b":{}}
,"C:\\Users\\melvi\\Documents\\Projects - DNS\\Coding Tests\\BeerList\\src\\components\\header\\index.tsx": {"path":"C:\\Users\\melvi\\Documents\\Projects - DNS\\Coding Tests\\BeerList\\src\\components\\header\\index.tsx","statementMap":{"0":{"start":{"line":1,"column":0},"end":{"line":1,"column":91}},"1":{"start":{"line":2,"column":0},"end":{"line":2,"column":55}},"2":{"start":{"line":3,"column":0},"end":{"line":3,"column":53}},"3":{"start":{"line":4,"column":0},"end":{"line":4,"column":40}},"4":{"start":{"line":6,"column":22},"end":{"line":6,"column":106}},"5":{"start":{"line":8,"column":15},"end":{"line":45,"column":1}},"6":{"start":{"line":9,"column":2},"end":{"line":44,"column":4}},"7":{"start":{"line":47,"column":0},"end":{"line":47,"column":22}}},"fnMap":{"0":{"name":"(anonymous_0)","decl":{"start":{"line":8,"column":15},"end":{"line":8,"column":18}},"loc":{"start":{"line":8,"column":20},"end":{"line":45,"column":1}}}},"branchMap":{},"s":{"0":1,"1":1,"2":1,"3":1,"4":1,"5":1,"6":4,"7":1},"f":{"0":4},"b":{}}
,"C:\\Users\\melvi\\Documents\\Projects - DNS\\Coding Tests\\BeerList\\src\\components\\suspenseLoader\\index.tsx": {"path":"C:\\Users\\melvi\\Documents\\Projects - DNS\\Coding Tests\\BeerList\\src\\components\\suspenseLoader\\index.tsx","statementMap":{"0":{"start":{"line":1,"column":23},"end":{"line":9,"column":1}},"1":{"start":{"line":2,"column":2},"end":{"line":8,"column":4}},"2":{"start":{"line":11,"column":0},"end":{"line":11,"column":30}}},"fnMap":{"0":{"name":"(anonymous_0)","decl":{"start":{"line":1,"column":23},"end":{"line":1,"column":26}},"loc":{"start":{"line":1,"column":28},"end":{"line":9,"column":1}}}},"branchMap":{},"s":{"0":1,"1":2,"2":1},"f":{"0":2},"b":{}}
,"C:\\Users\\melvi\\Documents\\Projects - DNS\\Coding Tests\\BeerList\\src\\layouts\\headerBarLayout\\index.tsx": {"path":"C:\\Users\\melvi\\Documents\\Projects - DNS\\Coding Tests\\BeerList\\src\\layouts\\headerBarLayout\\index.tsx","statementMap":{"0":{"start":{"line":2,"column":0},"end":{"line":2,"column":42}},"1":{"start":{"line":4,"column":0},"end":{"line":4,"column":45}},"2":{"start":{"line":10,"column":50},"end":{"line":19,"column":1}},"3":{"start":{"line":11,"column":4},"end":{"line":18,"column":null}},"4":{"start":{"line":20,"column":0},"end":{"line":20,"column":31}}},"fnMap":{"0":{"name":"(anonymous_1)","decl":{"start":{"line":10,"column":50},"end":{"line":10,"column":53}},"loc":{"start":{"line":10,"column":55},"end":{"line":19,"column":1}}}},"branchMap":{},"s":{"0":1,"1":1,"2":1,"3":4,"4":1},"f":{"0":4},"b":{}}
,"C:\\Users\\melvi\\Documents\\Projects - DNS\\Coding Tests\\BeerList\\src\\lib\\billables.ts": {"path":"C:\\Users\\melvi\\Documents\\Projects - DNS\\Coding Tests\\BeerList\\src\\lib\\billables.ts","statementMap":{"0":{"start":{"line":11,"column":13},"end":{"line":23,"column":2}},"1":{"start":{"line":26,"column":32},"end":{"line":64,"column":1}},"2":{"start":{"line":27,"column":47},"end":{"line":27,"column":56}},"3":{"start":{"line":30,"column":4},"end":{"line":35,"column":7}},"4":{"start":{"line":31,"column":8},"end":{"line":31,"column":29}},"5":{"start":{"line":32,"column":8},"end":{"line":32,"column":32}},"6":{"start":{"line":33,"column":8},"end":{"line":33,"column":35}},"7":{"start":{"line":34,"column":8},"end":{"line":34,"column":41}},"8":{"start":{"line":38,"column":4},"end":{"line":61,"column":7}},"9":{"start":{"line":39,"column":8},"end":{"line":60,"column":9}},"10":{"start":{"line":40,"column":27},"end":{"line":40,"column":55}},"11":{"start":{"line":41,"column":12},"end":{"line":59,"column":13}},"12":{"start":{"line":43,"column":53},"end":{"line":43,"column":59}},"13":{"start":{"line":44,"column":16},"end":{"line":52,"column":17}},"14":{"start":{"line":45,"column":20},"end":{"line":50,"column":21}},"15":{"start":{"line":47,"column":24},"end":{"line":47,"column":47}},"16":{"start":{"line":48,"column":24},"end":{"line":48,"column":51}},"17":{"start":{"line":49,"column":24},"end":{"line":49,"column":30}},"18":{"start":{"line":51,"column":20},"end":{"line":51,"column":61}},"19":{"start":{"line":54,"column":16},"end":{"line":58,"column":17}},"20":{"start":{"line":55,"column":20},"end":{"line":55,"column":50}},"21":{"start":{"line":56,"column":20},"end":{"line":56,"column":48}},"22":{"start":{"line":57,"column":20},"end":{"line":57,"column":43}},"23":{"start":{"line":63,"column":4},"end":{"line":63,"column":19}},"24":{"start":{"line":26,"column":13},"end":{"line":26,"column":32}}},"fnMap":{"0":{"name":"(anonymous_0)","decl":{"start":{"line":26,"column":32},"end":{"line":26,"column":33}},"loc":{"start":{"line":26,"column":72},"end":{"line":64,"column":1}}},"1":{"name":"(anonymous_1)","decl":{"start":{"line":30,"column":20},"end":{"line":30,"column":26}},"loc":{"start":{"line":30,"column":29},"end":{"line":35,"column":5}}},"2":{"name":"(anonymous_2)","decl":{"start":{"line":38,"column":20},"end":{"line":38,"column":26}},"loc":{"start":{"line":38,"column":29},"end":{"line":61,"column":5}}}},"branchMap":{"0":{"loc":{"start":{"line":39,"column":8},"end":{"line":60,"column":9}},"type":"if","locations":[{"start":{"line":39,"column":8},"end":{"line":60,"column":9}}]},"1":{"loc":{"start":{"line":41,"column":12},"end":{"line":59,"column":13}},"type":"if","locations":[{"start":{"line":41,"column":12},"end":{"line":59,"column":13}}]},"2":{"loc":{"start":{"line":45,"column":20},"end":{"line":50,"column":21}},"type":"if","locations":[{"start":{"line":45,"column":20},"end":{"line":50,"column":21}}]},"3":{"loc":{"start":{"line":51,"column":34},"end":{"line":51,"column":60}},"type":"binary-expr","locations":[{"start":{"line":51,"column":34},"end":{"line":51,"column":52}},{"start":{"line":51,"column":56},"end":{"line":51,"column":60}}]},"4":{"loc":{"start":{"line":54,"column":16},"end":{"line":58,"column":17}},"type":"if","locations":[{"start":{"line":54,"column":16},"end":{"line":58,"column":17}}]}},"s":{"0":1,"1":1,"2":1,"3":1,"4":11,"5":11,"6":11,"7":11,"8":1,"9":11,"10":7,"11":7,"12":7,"13":7,"14":11,"15":2,"16":2,"17":2,"18":9,"19":7,"20":5,"21":5,"22":5,"23":1,"24":1},"f":{"0":1,"1":11,"2":11},"b":{"0":[7],"1":[7],"2":[2],"3":[9,5],"4":[5]}}
,"C:\\Users\\melvi\\Documents\\Projects - DNS\\Coding Tests\\BeerList\\src\\pages\\beerlist\\index.tsx": {"path":"C:\\Users\\melvi\\Documents\\Projects - DNS\\Coding Tests\\BeerList\\src\\pages\\beerlist\\index.tsx","statementMap":{"0":{"start":{"line":1,"column":0},"end":{"line":1,"column":38}},"1":{"start":{"line":2,"column":0},"end":{"line":2,"column":60}},"2":{"start":{"line":3,"column":0},"end":{"line":3,"column":53}},"3":{"start":{"line":4,"column":0},"end":{"line":4,"column":39}},"4":{"start":{"line":5,"column":0},"end":{"line":5,"column":117}},"5":{"start":{"line":6,"column":0},"end":{"line":6,"column":77}},"6":{"start":{"line":14,"column":4},"end":{"line":17,"column":null}},"7":{"start":{"line":21,"column":21},"end":{"line":28,"column":1}},"8":{"start":{"line":22,"column":24},"end":{"line":22,"column":29}},"9":{"start":{"line":24,"column":6},"end":{"line":24,"column":73}},"10":{"start":{"line":25,"column":4},"end":{"line":27,"column":27}},"11":{"start":{"line":32,"column":17},"end":{"line":84,"column":1}},"12":{"start":{"line":33,"column":24},"end":{"line":33,"column":64}},"13":{"start":{"line":34,"column":107},"end":{"line":34,"column":121}},"14":{"start":{"line":35,"column":20},"end":{"line":35,"column":32}},"15":{"start":{"line":36,"column":24},"end":{"line":36,"column":40}},"16":{"start":{"line":37,"column":20},"end":{"line":37,"column":33}},"17":{"start":{"line":38,"column":4},"end":{"line":44,"column":29}},"18":{"start":{"line":39,"column":8},"end":{"line":42,"column":15}},"19":{"start":{"line":41,"column":16},"end":{"line":41,"column":62}},"20":{"start":{"line":46,"column":23},"end":{"line":48,"column":5}},"21":{"start":{"line":47,"column":8},"end":{"line":47,"column":32}},"22":{"start":{"line":49,"column":31},"end":{"line":51,"column":5}},"23":{"start":{"line":50,"column":8},"end":{"line":50,"column":31}},"24":{"start":{"line":53,"column":4},"end":{"line":83,"column":6}},"25":{"start":{"line":86,"column":0},"end":{"line":86,"column":24}}},"fnMap":{"0":{"name":"(anonymous_7)","decl":{"start":{"line":21,"column":21},"end":{"line":21,"column":22}},"loc":{"start":{"line":21,"column":50},"end":{"line":28,"column":1}}},"1":{"name":"(anonymous_8)","decl":{"start":{"line":32,"column":17},"end":{"line":32,"column":20}},"loc":{"start":{"line":32,"column":22},"end":{"line":84,"column":1}}},"2":{"name":"(anonymous_9)","decl":{"start":{"line":38,"column":14},"end":{"line":38,"column":17}},"loc":{"start":{"line":38,"column":19},"end":{"line":44,"column":5}}},"3":{"name":"(anonymous_10)","decl":{"start":{"line":40,"column":19},"end":{"line":40,"column":20}},"loc":{"start":{"line":40,"column":29},"end":{"line":42,"column":13}}},"4":{"name":"(anonymous_11)","decl":{"start":{"line":46,"column":23},"end":{"line":46,"column":24}},"loc":{"start":{"line":46,"column":54},"end":{"line":48,"column":5}}},"5":{"name":"(anonymous_12)","decl":{"start":{"line":49,"column":31},"end":{"line":49,"column":32}},"loc":{"start":{"line":49,"column":62},"end":{"line":51,"column":5}}}},"branchMap":{"0":{"loc":{"start":{"line":24,"column":6},"end":{"line":24,"column":73}},"type":"binary-expr","locations":[{"start":{"line":24,"column":6},"end":{"line":24,"column":21}},{"start":{"line":24,"column":25},"end":{"line":24,"column":73}}]},"1":{"loc":{"start":{"line":25,"column":11},"end":{"line":27,"column":26}},"type":"cond-expr","locations":[{"start":{"line":26,"column":8},"end":{"line":26,"column":62}},{"start":{"line":27,"column":8},"end":{"line":27,"column":26}}]},"2":{"loc":{"start":{"line":55,"column":13},"end":{"line":55,"column":66}},"type":"cond-expr","locations":[{"start":{"line":55,"column":25},"end":{"line":55,"column":59}},{"start":{"line":55,"column":62},"end":{"line":55,"column":66}}]}},"s":{"0":1,"1":1,"2":1,"3":1,"4":1,"5":1,"6":1,"7":1,"8":3,"9":3,"10":3,"11":1,"12":4,"13":4,"14":4,"15":4,"16":4,"17":4,"18":2,"19":0,"20":4,"21":0,"22":4,"23":0,"24":4,"25":1},"f":{"0":3,"1":4,"2":2,"3":0,"4":0,"5":0},"b":{"0":[3,2],"1":[2,1],"2":[3,1]}}
,"C:\\Users\\melvi\\Documents\\Projects - DNS\\Coding Tests\\BeerList\\src\\pages\\billingslist\\custom-cells.tsx": {"path":"C:\\Users\\melvi\\Documents\\Projects - DNS\\Coding Tests\\BeerList\\src\\pages\\billingslist\\custom-cells.tsx","statementMap":{"0":{"start":{"line":2,"column":0},"end":{"line":2,"column":66}},"1":{"start":{"line":3,"column":0},"end":{"line":3,"column":55}},"2":{"start":{"line":6,"column":30},"end":{"line":12,"column":1}},"3":{"start":{"line":7,"column":4},"end":{"line":11,"column":6}},"4":{"start":{"line":6,"column":13},"end":{"line":6,"column":30}},"5":{"start":{"line":14,"column":33},"end":{"line":20,"column":1}},"6":{"start":{"line":15,"column":4},"end":{"line":19,"column":6}},"7":{"start":{"line":14,"column":13},"end":{"line":14,"column":33}},"8":{"start":{"line":22,"column":27},"end":{"line":28,"column":1}},"9":{"start":{"line":23,"column":4},"end":{"line":27,"column":6}},"10":{"start":{"line":22,"column":13},"end":{"line":22,"column":27}},"11":{"start":{"line":30,"column":37},"end":{"line":36,"column":1}},"12":{"start":{"line":31,"column":4},"end":{"line":35,"column":6}},"13":{"start":{"line":30,"column":13},"end":{"line":30,"column":37}},"14":{"start":{"line":38,"column":34},"end":{"line":51,"column":1}},"15":{"start":{"line":39,"column":26},"end":{"line":39,"column":28}},"16":{"start":{"line":40,"column":4},"end":{"line":44,"column":5}},"17":{"start":{"line":41,"column":8},"end":{"line":43,"column":11}},"18":{"start":{"line":42,"column":12},"end":{"line":42,"column":43}},"19":{"start":{"line":46,"column":4},"end":{"line":50,"column":6}},"20":{"start":{"line":38,"column":13},"end":{"line":38,"column":34}}},"fnMap":{"0":{"name":"(anonymous_0)","decl":{"start":{"line":6,"column":30},"end":{"line":6,"column":31}},"loc":{"start":{"line":6,"column":63},"end":{"line":12,"column":1}}},"1":{"name":"(anonymous_1)","decl":{"start":{"line":14,"column":33},"end":{"line":14,"column":34}},"loc":{"start":{"line":14,"column":65},"end":{"line":20,"column":1}}},"2":{"name":"(anonymous_2)","decl":{"start":{"line":22,"column":27},"end":{"line":22,"column":28}},"loc":{"start":{"line":22,"column":59},"end":{"line":28,"column":1}}},"3":{"name":"(anonymous_3)","decl":{"start":{"line":30,"column":37},"end":{"line":30,"column":38}},"loc":{"start":{"line":30,"column":69},"end":{"line":36,"column":1}}},"4":{"name":"(anonymous_4)","decl":{"start":{"line":38,"column":34},"end":{"line":38,"column":35}},"loc":{"start":{"line":38,"column":66},"end":{"line":51,"column":1}}},"5":{"name":"(anonymous_5)","decl":{"start":{"line":41,"column":35},"end":{"line":41,"column":36}},"loc":{"start":{"line":41,"column":50},"end":{"line":43,"column":9}}}},"branchMap":{"0":{"loc":{"start":{"line":17,"column":13},"end":{"line":17,"column":79}},"type":"cond-expr","locations":[{"start":{"line":17,"column":34},"end":{"line":17,"column":74}},{"start":{"line":17,"column":77},"end":{"line":17,"column":79}}]},"1":{"loc":{"start":{"line":25,"column":13},"end":{"line":25,"column":85}},"type":"cond-expr","locations":[{"start":{"line":25,"column":38},"end":{"line":25,"column":80}},{"start":{"line":25,"column":83},"end":{"line":25,"column":85}}]},"2":{"loc":{"start":{"line":33,"column":13},"end":{"line":33,"column":63}},"type":"cond-expr","locations":[{"start":{"line":33,"column":34},"end":{"line":33,"column":59}},{"start":{"line":33,"column":62},"end":{"line":33,"column":63}}]},"3":{"loc":{"start":{"line":40,"column":4},"end":{"line":44,"column":5}},"type":"if","locations":[{"start":{"line":40,"column":4},"end":{"line":44,"column":5}}]},"4":{"loc":{"start":{"line":40,"column":7},"end":{"line":40,"column":54}},"type":"binary-expr","locations":[{"start":{"line":40,"column":7},"end":{"line":40,"column":25}},{"start":{"line":40,"column":29},"end":{"line":40,"column":54}}]}},"s":{"0":1,"1":1,"2":1,"3":11,"4":1,"5":1,"6":11,"7":1,"8":1,"9":11,"10":1,"11":1,"12":11,"13":1,"14":1,"15":11,"16":11,"17":3,"18":5,"19":11,"20":1},"f":{"0":11,"1":11,"2":11,"3":11,"4":11,"5":5},"b":{"0":[2,9],"1":[6,5],"2":[11,0],"3":[3],"4":[11,11]}}
,"C:\\Users\\melvi\\Documents\\Projects - DNS\\Coding Tests\\BeerList\\src\\pages\\billingslist\\index.tsx": {"path":"C:\\Users\\melvi\\Documents\\Projects - DNS\\Coding Tests\\BeerList\\src\\pages\\billingslist\\index.tsx","statementMap":{"0":{"start":{"line":1,"column":0},"end":{"line":1,"column":44}},"1":{"start":{"line":2,"column":0},"end":{"line":2,"column":81}},"2":{"start":{"line":3,"column":0},"end":{"line":3,"column":72}},"3":{"start":{"line":4,"column":0},"end":{"line":4,"column":123}},"4":{"start":{"line":6,"column":20},"end":{"line":30,"column":1}},"5":{"start":{"line":7,"column":34},"end":{"line":7,"column":65}},"6":{"start":{"line":8,"column":4},"end":{"line":11,"column":11}},"7":{"start":{"line":9,"column":45},"end":{"line":9,"column":74}},"8":{"start":{"line":10,"column":8},"end":{"line":10,"column":36}},"9":{"start":{"line":13,"column":4},"end":{"line":29,"column":null}},"10":{"start":{"line":31,"column":0},"end":{"line":31,"column":27}}},"fnMap":{"0":{"name":"(anonymous_0)","decl":{"start":{"line":6,"column":20},"end":{"line":6,"column":23}},"loc":{"start":{"line":6,"column":25},"end":{"line":30,"column":1}}},"1":{"name":"(anonymous_1)","decl":{"start":{"line":8,"column":14},"end":{"line":8,"column":17}},"loc":{"start":{"line":8,"column":19},"end":{"line":11,"column":5}}}},"branchMap":{},"s":{"0":1,"1":1,"2":1,"3":1,"4":1,"5":2,"6":2,"7":1,"8":1,"9":2,"10":1},"f":{"0":2,"1":1},"b":{}}
,"C:\\Users\\melvi\\Documents\\Projects - DNS\\Coding Tests\\BeerList\\src\\pages\\notfound\\index.tsx": {"path":"C:\\Users\\melvi\\Documents\\Projects - DNS\\Coding Tests\\BeerList\\src\\pages\\notfound\\index.tsx","statementMap":{"0":{"start":{"line":2,"column":21},"end":{"line":8,"column":1}},"1":{"start":{"line":3,"column":4},"end":{"line":7,"column":6}},"2":{"start":{"line":10,"column":0},"end":{"line":10,"column":28}}},"fnMap":{"0":{"name":"(anonymous_0)","decl":{"start":{"line":2,"column":21},"end":{"line":2,"column":24}},"loc":{"start":{"line":2,"column":26},"end":{"line":8,"column":1}}}},"branchMap":{},"s":{"0":1,"1":1,"2":1},"f":{"0":1},"b":{}}
,"C:\\Users\\melvi\\Documents\\Projects - DNS\\Coding Tests\\BeerList\\src\\services\\AxiosHelper.ts": {"path":"C:\\Users\\melvi\\Documents\\Projects - DNS\\Coding Tests\\BeerList\\src\\services\\AxiosHelper.ts","statementMap":{"0":{"start":{"line":1,"column":0},"end":{"line":1,"column":26}},"1":{"start":{"line":4,"column":12},"end":{"line":4,"column":null}},"2":{"start":{"line":5,"column":12},"end":{"line":5,"column":null}},"3":{"start":{"line":8,"column":8},"end":{"line":8,"column":33}},"4":{"start":{"line":9,"column":8},"end":{"line":9,"column":31}},"5":{"start":{"line":14,"column":8},"end":{"line":24,"column":9}},"6":{"start":{"line":15,"column":29},"end":{"line":15,"column":71}},"7":{"start":{"line":16,"column":12},"end":{"line":16,"column":58}},"8":{"start":{"line":18,"column":12},"end":{"line":23,"column":13}},"9":{"start":{"line":19,"column":16},"end":{"line":19,"column":88}},"10":{"start":{"line":20,"column":16},"end":{"line":20,"column":55}},"11":{"start":{"line":22,"column":16},"end":{"line":22,"column":61}},"12":{"start":{"line":28,"column":0},"end":{"line":28,"column":27}}},"fnMap":{"0":{"name":"(anonymous_1)","decl":{"start":{"line":7,"column":4},"end":{"line":7,"column":16}},"loc":{"start":{"line":7,"column":53},"end":{"line":10,"column":5}}},"1":{"name":"(anonymous_2)","decl":{"start":{"line":13,"column":4},"end":{"line":13,"column":9}},"loc":{"start":{"line":13,"column":62},"end":{"line":25,"column":5}}}},"branchMap":{"0":{"loc":{"start":{"line":7,"column":34},"end":{"line":7,"column":53}},"type":"default-arg","locations":[{"start":{"line":7,"column":52},"end":{"line":7,"column":53}}]},"1":{"loc":{"start":{"line":13,"column":28},"end":{"line":13,"column":62}},"type":"default-arg","locations":[{"start":{"line":13,"column":50},"end":{"line":13,"column":62}}]},"2":{"loc":{"start":{"line":18,"column":12},"end":{"line":23,"column":13}},"type":"if","locations":[{"start":{"line":18,"column":12},"end":{"line":23,"column":13}},{"start":{"line":21,"column":19},"end":{"line":23,"column":13}}]}},"s":{"0":2,"1":7,"2":7,"3":7,"4":7,"5":9,"6":9,"7":2,"8":5,"9":4,"10":4,"11":1,"12":2},"f":{"0":7,"1":9},"b":{"0":[3],"1":[5],"2":[4,1]}}
,"C:\\Users\\melvi\\Documents\\Projects - DNS\\Coding Tests\\BeerList\\src\\services\\BeerService.ts": {"path":"C:\\Users\\melvi\\Documents\\Projects - DNS\\Coding Tests\\BeerList\\src\\services\\BeerService.ts","statementMap":{"0":{"start":{"line":1,"column":0},"end":{"line":1,"column":40}},"1":{"start":{"line":2,"column":0},"end":{"line":2,"column":41}},"2":{"start":{"line":6,"column":12},"end":{"line":6,"column":null}},"3":{"start":{"line":7,"column":12},"end":{"line":7,"column":null}},"4":{"start":{"line":10,"column":8},"end":{"line":10,"column":62}},"5":{"start":{"line":11,"column":8},"end":{"line":11,"column":35}},"6":{"start":{"line":15,"column":8},"end":{"line":39,"column":9}},"7":{"start":{"line":16,"column":12},"end":{"line":16,"column":46}},"8":{"start":{"line":17,"column":22},"end":{"line":17,"column":85}},"9":{"start":{"line":18,"column":12},"end":{"line":20,"column":13}},"10":{"start":{"line":19,"column":16},"end":{"line":19,"column":35}},"11":{"start":{"line":21,"column":29},"end":{"line":21,"column":56}},"12":{"start":{"line":22,"column":12},"end":{"line":30,"column":13}},"13":{"start":{"line":23,"column":33},"end":{"line":23,"column":41}},"14":{"start":{"line":25,"column":16},"end":{"line":25,"column":46}},"15":{"start":{"line":26,"column":16},"end":{"line":26,"column":51}},"16":{"start":{"line":28,"column":16},"end":{"line":28,"column":44}},"17":{"start":{"line":29,"column":16},"end":{"line":29,"column":51}},"18":{"start":{"line":32,"column":12},"end":{"line":32,"column":58}},"19":{"start":{"line":34,"column":12},"end":{"line":34,"column":85}},"20":{"start":{"line":36,"column":12},"end":{"line":36,"column":40}},"21":{"start":{"line":37,"column":12},"end":{"line":37,"column":47}},"22":{"start":{"line":38,"column":12},"end":{"line":38,"column":24}},"23":{"start":{"line":43,"column":0},"end":{"line":43,"column":27}}},"fnMap":{"0":{"name":"(anonymous_1)","decl":{"start":{"line":9,"column":4},"end":{"line":9,"column":16}},"loc":{"start":{"line":9,"column":36},"end":{"line":12,"column":5}}},"1":{"name":"(anonymous_2)","decl":{"start":{"line":14,"column":4},"end":{"line":14,"column":9}},"loc":{"start":{"line":14,"column":105},"end":{"line":40,"column":5}}}},"branchMap":{"0":{"loc":{"start":{"line":14,"column":41},"end":{"line":14,"column":61}},"type":"default-arg","locations":[{"start":{"line":14,"column":59},"end":{"line":14,"column":61}}]},"1":{"loc":{"start":{"line":14,"column":63},"end":{"line":14,"column":105}},"type":"default-arg","locations":[{"start":{"line":14,"column":84},"end":{"line":14,"column":105}}]},"2":{"loc":{"start":{"line":18,"column":12},"end":{"line":20,"column":13}},"type":"if","locations":[{"start":{"line":18,"column":12},"end":{"line":20,"column":13}}]},"3":{"loc":{"start":{"line":22,"column":12},"end":{"line":30,"column":13}},"type":"if","locations":[{"start":{"line":22,"column":12},"end":{"line":30,"column":13}},{"start":{"line":27,"column":17},"end":{"line":30,"column":13}}]},"4":{"loc":{"start":{"line":22,"column":15},"end":{"line":22,"column":60}},"type":"binary-expr","locations":[{"start":{"line":22,"column":15},"end":{"line":22,"column":23}},{"start":{"line":22,"column":27},"end":{"line":22,"column":40}},{"start":{"line":22,"column":44},"end":{"line":22,"column":60}}]}},"s":{"0":1,"1":1,"2":4,"3":4,"4":4,"5":4,"6":2,"7":2,"8":2,"9":2,"10":0,"11":2,"12":0,"13":0,"14":0,"15":0,"16":0,"17":0,"18":0,"19":0,"20":0,"21":0,"22":0,"23":1},"f":{"0":4,"1":2},"b":{"0":[0],"1":[0],"2":[0],"3":[0,0],"4":[0,0,0]}}
}
