TN:
SF:src\App.tsx
FN:6,App
FNF:1
FNH:1
FNDA:5,App
DA:1,1
DA:2,1
DA:3,1
DA:7,5
DA:8,5
DA:11,1
LF:6
LH:6
BRF:0
BRH:0
end_of_record
TN:
SF:src\router.tsx
FN:9,(anonymous_7)
FN:9,(anonymous_8)
FN:15,(anonymous_9)
FN:15,(anonymous_10)
FN:16,(anonymous_11)
FN:16,(anonymous_12)
FNF:6
FNH:6
FNDA:2,(anonymous_7)
FNDA:3,(anonymous_8)
FNDA:1,(anonymous_9)
FNDA:1,(anonymous_10)
FNDA:1,(anonymous_11)
FNDA:1,(anonymous_12)
DA:2,1
DA:3,1
DA:4,1
DA:5,1
DA:6,1
DA:9,2
DA:10,3
DA:15,2
DA:16,2
DA:18,1
DA:43,1
LF:11
LH:11
BRF:0
BRH:0
end_of_record
TN:
SF:src\store.ts
FN:37,(anonymous_0)
FN:46,(anonymous_1)
FN:47,(anonymous_2)
FN:48,(anonymous_3)
FN:49,(anonymous_4)
FN:50,(anonymous_5)
FN:54,(anonymous_6)
FN:58,(anonymous_7)
FNF:8
FNH:4
FNDA:1,(anonymous_0)
FNDA:0,(anonymous_1)
FNDA:0,(anonymous_2)
FNDA:2,(anonymous_3)
FNDA:0,(anonymous_4)
FNDA:4,(anonymous_5)
FNDA:4,(anonymous_6)
FNDA:0,(anonymous_7)
DA:1,1
DA:37,1
DA:46,0
DA:47,0
DA:48,2
DA:49,0
DA:51,4
DA:52,4
DA:55,4
DA:56,4
DA:58,0
DA:61,1
LF:12
LH:8
BRDA:51,0,0,4
BRDA:51,0,1,0
BRDA:55,1,0,0
BRDA:55,1,1,4
BRF:4
BRH:2
end_of_record
TN:
SF:src\apiRoutes\index.ts
FNF:0
FNH:0
DA:1,1
LF:1
LH:1
BRF:0
BRH:0
end_of_record
TN:
SF:src\components\header\index.tsx
FN:8,(anonymous_0)
FNF:1
FNH:1
FNDA:4,(anonymous_0)
DA:1,1
DA:2,1
DA:3,1
DA:4,1
DA:6,1
DA:8,1
DA:9,4
DA:47,1
LF:8
LH:8
BRF:0
BRH:0
end_of_record
TN:
SF:src\components\suspenseLoader\index.tsx
FN:1,(anonymous_0)
FNF:1
FNH:1
FNDA:2,(anonymous_0)
DA:1,1
DA:2,2
DA:11,1
LF:3
LH:3
BRF:0
BRH:0
end_of_record
TN:
SF:src\layouts\headerBarLayout\index.tsx
FN:10,(anonymous_1)
FNF:1
FNH:1
FNDA:4,(anonymous_1)
DA:2,1
DA:4,1
DA:10,1
DA:11,4
DA:20,1
LF:5
LH:5
BRF:0
BRH:0
end_of_record
TN:
SF:src\lib\billables.ts
FN:26,(anonymous_0)
FN:30,(anonymous_1)
FN:38,(anonymous_2)
FNF:3
FNH:3
FNDA:1,(anonymous_0)
FNDA:11,(anonymous_1)
FNDA:11,(anonymous_2)
DA:11,1
DA:26,1
DA:27,1
DA:30,1
DA:31,11
DA:32,11
DA:33,11
DA:34,11
DA:38,1
DA:39,11
DA:40,7
DA:41,7
DA:43,7
DA:44,7
DA:45,11
DA:47,2
DA:48,2
DA:49,2
DA:51,9
DA:54,7
DA:55,5
DA:56,5
DA:57,5
DA:63,1
LF:24
LH:24
BRDA:39,0,0,7
BRDA:41,1,0,7
BRDA:45,2,0,2
BRDA:51,3,0,9
BRDA:51,3,1,5
BRDA:54,4,0,5
BRF:6
BRH:6
end_of_record
TN:
SF:src\pages\beerlist\index.tsx
FN:21,(anonymous_7)
FN:32,(anonymous_8)
FN:38,(anonymous_9)
FN:40,(anonymous_10)
FN:46,(anonymous_11)
FN:49,(anonymous_12)
FNF:6
FNH:3
FNDA:3,(anonymous_7)
FNDA:4,(anonymous_8)
FNDA:2,(anonymous_9)
FNDA:0,(anonymous_10)
FNDA:0,(anonymous_11)
FNDA:0,(anonymous_12)
DA:1,1
DA:2,1
DA:3,1
DA:4,1
DA:5,1
DA:6,1
DA:14,1
DA:21,1
DA:22,3
DA:24,3
DA:25,3
DA:32,1
DA:33,4
DA:34,4
DA:35,4
DA:36,4
DA:37,4
DA:38,4
DA:39,2
DA:41,0
DA:46,4
DA:47,0
DA:49,4
DA:50,0
DA:53,4
DA:86,1
LF:26
LH:23
BRDA:24,0,0,3
BRDA:24,0,1,2
BRDA:25,1,0,2
BRDA:25,1,1,1
BRDA:55,2,0,3
BRDA:55,2,1,1
BRF:6
BRH:6
end_of_record
TN:
SF:src\pages\billingslist\custom-cells.tsx
FN:6,(anonymous_0)
FN:14,(anonymous_1)
FN:22,(anonymous_2)
FN:30,(anonymous_3)
FN:38,(anonymous_4)
FN:41,(anonymous_5)
FNF:6
FNH:6
FNDA:11,(anonymous_0)
FNDA:11,(anonymous_1)
FNDA:11,(anonymous_2)
FNDA:11,(anonymous_3)
FNDA:11,(anonymous_4)
FNDA:5,(anonymous_5)
DA:2,1
DA:3,1
DA:6,1
DA:7,11
DA:14,1
DA:15,11
DA:22,1
DA:23,11
DA:30,1
DA:31,11
DA:38,1
DA:39,11
DA:40,11
DA:41,3
DA:42,5
DA:46,11
LF:16
LH:16
BRDA:17,0,0,2
BRDA:17,0,1,9
BRDA:25,1,0,6
BRDA:25,1,1,5
BRDA:33,2,0,11
BRDA:33,2,1,0
BRDA:40,3,0,3
BRDA:40,4,0,11
BRDA:40,4,1,11
BRF:9
BRH:8
end_of_record
TN:
SF:src\pages\billingslist\index.tsx
FN:6,(anonymous_0)
FN:8,(anonymous_1)
FNF:2
FNH:2
FNDA:2,(anonymous_0)
FNDA:1,(anonymous_1)
DA:1,1
DA:2,1
DA:3,1
DA:4,1
DA:6,1
DA:7,2
DA:8,2
DA:9,1
DA:10,1
DA:13,2
DA:31,1
LF:11
LH:11
BRF:0
BRH:0
end_of_record
TN:
SF:src\pages\notfound\index.tsx
FN:2,(anonymous_0)
FNF:1
FNH:1
FNDA:1,(anonymous_0)
DA:2,1
DA:3,1
DA:10,1
LF:3
LH:3
BRF:0
BRH:0
end_of_record
TN:
SF:src\services\AxiosHelper.ts
FN:7,(anonymous_1)
FN:13,(anonymous_2)
FNF:2
FNH:2
FNDA:7,(anonymous_1)
FNDA:9,(anonymous_2)
DA:1,2
DA:4,7
DA:5,7
DA:8,7
DA:9,7
DA:14,9
DA:15,9
DA:16,2
DA:18,5
DA:19,4
DA:20,4
DA:22,1
DA:28,2
LF:13
LH:13
BRDA:7,0,0,3
BRDA:13,1,0,5
BRDA:18,2,0,4
BRDA:18,2,1,1
BRF:4
BRH:4
end_of_record
TN:
SF:src\services\BeerService.ts
FN:9,(anonymous_1)
FN:14,(anonymous_2)
FNF:2
FNH:2
FNDA:4,(anonymous_1)
FNDA:2,(anonymous_2)
DA:1,1
DA:2,1
DA:6,4
DA:7,4
DA:10,4
DA:11,4
DA:15,2
DA:16,2
DA:17,2
DA:18,2
DA:19,0
DA:21,2
DA:22,0
DA:23,0
DA:25,0
DA:26,0
DA:28,0
DA:29,0
DA:32,0
DA:34,0
DA:36,0
DA:37,0
DA:38,0
DA:43,1
LF:24
LH:12
BRDA:14,0,0,0
BRDA:14,1,0,0
BRDA:18,2,0,0
BRDA:22,3,0,0
BRDA:22,3,1,0
BRDA:22,4,0,0
BRDA:22,4,1,0
BRDA:22,4,2,0
BRF:8
BRH:0
end_of_record
